0 info it worked if it ends with ok
1 verbose cli [ 'node', '/usr/local/bin/npm', 'update' ]
2 info using npm@2.10.1
3 info using node@v0.12.4
4 verbose stack Error: Invalid name: "CDC General App"
4 verbose stack     at ensureValidName (/usr/local/lib/node_modules/npm/node_modules/normalize-package-data/lib/fixer.js:323:15)
4 verbose stack     at Object.module.exports.fixNameField (/usr/local/lib/node_modules/npm/node_modules/normalize-package-data/lib/fixer.js:206:5)
4 verbose stack     at /usr/local/lib/node_modules/npm/node_modules/normalize-package-data/lib/normalize.js:30:38
4 verbose stack     at Array.forEach (native)
4 verbose stack     at normalize (/usr/local/lib/node_modules/npm/node_modules/normalize-package-data/lib/normalize.js:29:15)
4 verbose stack     at final (/usr/local/lib/node_modules/npm/node_modules/read-package-json/read-json.js:338:5)
4 verbose stack     at then (/usr/local/lib/node_modules/npm/node_modules/read-package-json/read-json.js:113:5)
4 verbose stack     at /usr/local/lib/node_modules/npm/node_modules/read-package-json/read-json.js:300:12
4 verbose stack     at evalmachine.<anonymous>:334:14
4 verbose stack     at /usr/local/lib/node_modules/npm/node_modules/graceful-fs/graceful-fs.js:102:5
5 verbose cwd /Users/peterbenoit/DEV/GeneralApp
6 error Darwin 14.5.0
7 error argv "node" "/usr/local/bin/npm" "update"
8 error node v0.12.4
9 error npm  v2.10.1
10 error Invalid name: "CDC General App"
11 error If you need help, you may report this error at:
11 error     <https://github.com/npm/npm/issues>
12 verbose exit [ 1, true ]
