2015-08-21 13:30:49.208 CDC General App[16991:996333] Pushwoosh: Initializing application runtime
2015-08-21 13:30:49.338 CDC General App[16991:996333] DiskCookieStorage changing policy from 2 to 0, cookie file: file:///Users/peterbenoit/Library/Developer/CoreSimulator/Devices/49617F5F-FB9D-4EE1-B13B-EDFF69E315DE/data/Containers/Data/Application/BCAC8442-F393-4B66-929A-E31C34F21AEC/Library/Cookies/Cookies.binarycookies
2015-08-21 13:30:49.577 CDC General App[16991:996333] You've implemented -[<UIApplicationDelegate> application:didReceiveRemoteNotification:fetchCompletionHandler:], but you still need to add "remote-notification" to the list of your supported UIBackgroundModes in your Info.plist.
2015-08-21 13:30:49.594 CDC General App[16991:996333] Apache Cordova native platform version 3.8.0 is starting.
2015-08-21 13:30:49.595 CDC General App[16991:996333] Multi-tasking -> Device: YES, App: YES
2015-08-21 13:30:49.608 CDC General App[16991:996333] Unlimited access to network resources
2015-08-21 13:30:49.915 CDC General App[16991:996333] [CDVTimer][keyboard] 0.065982ms
2015-08-21 13:30:49.967 CDC General App[16991:996333] [CDVTimer][socialsharing] 51.217973ms
2015-08-21 13:30:49.967 CDC General App[16991:996333] [CDVTimer][TotalPluginStartup] 52.361965ms
2015-08-21 13:30:50.102 CDC General App[16991:996333] Will show push notifications alert
2015-08-21 13:30:50.137 CDC General App[16991:996333] location services authorization status has not been determined yet
2015-08-21 13:30:50.194 CDC General App[16991:996393] Sending request: {"request":{"hwid":"3964A2BA-73EA-47FB-ADB6-C16E697128EE","application":"","v":"2.5"}}
2015-08-21 13:30:50.195 CDC General App[16991:996393] To urL https://cp.pushwoosh.com/json/1.3/applicationOpen
2015-08-21 13:30:50.327 CDC General App[16991:996333] Resetting plugins due to page load.
2015-08-21 13:30:50.859 CDC General App[16991:996393] Response "200 no error": string: {"status_code":210,"status_message":"Application not found","response":null}
2015-08-21 13:30:50.860 CDC General App[16991:996393] sending appOpen failed
2015-08-21 13:30:51.109 CDC General App[16991:996333] Finished load of: file:///Users/peterbenoit/Library/Developer/CoreSimulator/Devices/49617F5F-FB9D-4EE1-B13B-EDFF69E315DE/data/Containers/Bundle/Application/C5B07088-6316-4AB4-A818-C4E4945A3661/CDC%20General%20App.app/www/index.html#/app/home
2015-08-21 13:30:59.447 CDC General App[16991:996333] THREAD WARNING: ['InAppBrowser'] took '35.962646' ms. Plugin should use a background thread.
2015-08-24 09:56:04.646 CDC General App[18790:1067874] Pushwoosh: Initializing application runtime
2015-08-24 09:56:04.762 CDC General App[18790:1067874] DiskCookieStorage changing policy from 2 to 0, cookie file: file:///Users/peterbenoit/Library/Developer/CoreSimulator/Devices/49617F5F-FB9D-4EE1-B13B-EDFF69E315DE/data/Containers/Data/Application/5C954FF6-0983-4775-A041-7F10ABC9C06F/Library/Cookies/Cookies.binarycookies
2015-08-24 09:56:05.041 CDC General App[18790:1067874] You've implemented -[<UIApplicationDelegate> application:didReceiveRemoteNotification:fetchCompletionHandler:], but you still need to add "remote-notification" to the list of your supported UIBackgroundModes in your Info.plist.
2015-08-24 09:56:05.059 CDC General App[18790:1067874] Apache Cordova native platform version 3.8.0 is starting.
2015-08-24 09:56:05.059 CDC General App[18790:1067874] Multi-tasking -> Device: YES, App: YES
2015-08-24 09:56:05.074 CDC General App[18790:1067874] Unlimited access to network resources
2015-08-24 09:56:05.392 CDC General App[18790:1067874] [CDVTimer][keyboard] 0.075996ms
2015-08-24 09:56:05.444 CDC General App[18790:1067874] [CDVTimer][socialsharing] 51.945984ms
2015-08-24 09:56:05.444 CDC General App[18790:1067874] [CDVTimer][TotalPluginStartup] 53.016007ms
2015-08-24 09:56:05.454 CDC General App[18790:1067874] Will show push notifications alert
2015-08-24 09:56:05.492 CDC General App[18790:1067874] location services authorization status has not been determined yet
2015-08-24 09:56:05.546 CDC General App[18790:1067995] Sending request: {"request":{"hwid":"3964A2BA-73EA-47FB-ADB6-C16E697128EE","application":"","v":"2.5"}}
2015-08-24 09:56:05.546 CDC General App[18790:1067995] To urL https://cp.pushwoosh.com/json/1.3/applicationOpen
2015-08-24 09:56:05.593 CDC General App[18790:1067874] Resetting plugins due to page load.
2015-08-24 09:56:06.275 CDC General App[18790:1067874] Finished load of: file:///Users/peterbenoit/Library/Developer/CoreSimulator/Devices/49617F5F-FB9D-4EE1-B13B-EDFF69E315DE/data/Containers/Bundle/Application/4F6A6D2B-E552-4010-B635-F06C8FF54CDA/CDC%20General%20App.app/www/index.html#/app/home
2015-08-24 09:56:06.414 CDC General App[18790:1067995] Response "200 no error": string: {"status_code":210,"status_message":"Application not found","response":null}
2015-08-24 09:56:06.414 CDC General App[18790:1067995] sending appOpen failed
2015-08-24 09:56:13.123 CDC General App[18790:1068016] Terminating since there is no system app.
2015-08-24 09:56:46.616 CDC General App[19126:1069588] Pushwoosh: Initializing application runtime
2015-08-24 09:56:46.650 CDC General App[19126:1069588] DiskCookieStorage changing policy from 2 to 0, cookie file: file:///Users/peterbenoit/Library/Developer/CoreSimulator/Devices/49617F5F-FB9D-4EE1-B13B-EDFF69E315DE/data/Containers/Data/Application/F151CAB1-31AB-46AF-A11E-5E05BB235FF0/Library/Cookies/Cookies.binarycookies
2015-08-24 09:56:46.727 CDC General App[19126:1069588] You've implemented -[<UIApplicationDelegate> application:didReceiveRemoteNotification:fetchCompletionHandler:], but you still need to add "remote-notification" to the list of your supported UIBackgroundModes in your Info.plist.
2015-08-24 09:56:46.796 CDC General App[19126:1069588] Apache Cordova native platform version 3.8.0 is starting.
2015-08-24 09:56:46.796 CDC General App[19126:1069588] Multi-tasking -> Device: YES, App: YES
2015-08-24 09:56:46.800 CDC General App[19126:1069588] Unlimited access to network resources
2015-08-24 09:56:46.869 CDC General App[19126:1069588] [CDVTimer][keyboard] 0.083983ms
2015-08-24 09:56:46.902 CDC General App[19126:1069588] [CDVTimer][socialsharing] 33.455014ms
2015-08-24 09:56:46.903 CDC General App[19126:1069588] [CDVTimer][TotalPluginStartup] 33.881962ms
2015-08-24 09:56:46.911 CDC General App[19126:1069588] Will show push notifications alert
2015-08-24 09:56:46.935 CDC General App[19126:1069604] Sending request: {"request":{"hwid":"3964A2BA-73EA-47FB-ADB6-C16E697128EE","application":"","v":"2.5"}}
2015-08-24 09:56:46.935 CDC General App[19126:1069604] To urL https://cp.pushwoosh.com/json/1.3/applicationOpen
2015-08-24 09:56:46.971 CDC General App[19126:1069588] location services authorization status has not been determined yet
2015-08-24 09:56:46.985 CDC General App[19126:1069588] Resetting plugins due to page load.
2015-08-24 09:56:47.589 CDC General App[19126:1069588] Finished load of: file:///Users/peterbenoit/Library/Developer/CoreSimulator/Devices/49617F5F-FB9D-4EE1-B13B-EDFF69E315DE/data/Containers/Bundle/Application/6202DB72-040A-4515-8183-B8ED02FB66B4/CDC%20General%20App.app/www/index.html#/app/home
2015-08-24 09:56:47.704 CDC General App[19126:1069604] Response "200 no error": string: {"status_code":210,"status_message":"Application not found","response":null}
2015-08-24 09:56:47.704 CDC General App[19126:1069604] sending appOpen failed
2015-08-24 10:53:05.004 CDC General App[20544:1087652] Pushwoosh: Initializing application runtime
2015-08-24 10:53:05.056 CDC General App[20544:1087652] DiskCookieStorage changing policy from 2 to 0, cookie file: file:///Users/peterbenoit/Library/Developer/CoreSimulator/Devices/49617F5F-FB9D-4EE1-B13B-EDFF69E315DE/data/Containers/Data/Application/8EFA341E-A1A3-4069-9AD8-9C029B59A8F4/Library/Cookies/Cookies.binarycookies
2015-08-24 10:53:05.130 CDC General App[20544:1087652] You've implemented -[<UIApplicationDelegate> application:didReceiveRemoteNotification:fetchCompletionHandler:], but you still need to add "remote-notification" to the list of your supported UIBackgroundModes in your Info.plist.
2015-08-24 10:53:05.135 CDC General App[20544:1087652] Apache Cordova native platform version 3.8.0 is starting.
2015-08-24 10:53:05.135 CDC General App[20544:1087652] Multi-tasking -> Device: YES, App: YES
2015-08-24 10:53:05.149 CDC General App[20544:1087652] Unlimited access to network resources
2015-08-24 10:53:05.250 CDC General App[20544:1087652] [CDVTimer][keyboard] 0.060022ms
2015-08-24 10:53:05.283 CDC General App[20544:1087652] [CDVTimer][socialsharing] 33.515990ms
2015-08-24 10:53:05.283 CDC General App[20544:1087652] [CDVTimer][TotalPluginStartup] 36.092997ms
2015-08-24 10:53:05.290 CDC General App[20544:1087652] Will show push notifications alert
2015-08-24 10:53:05.304 CDC General App[20544:1087652] location services authorization status has not been determined yet
2015-08-24 10:53:05.319 CDC General App[20544:1087674] Sending request: {"request":{"hwid":"3964A2BA-73EA-47FB-ADB6-C16E697128EE","application":"","v":"2.5"}}
2015-08-24 10:53:05.319 CDC General App[20544:1087674] To urL https://cp.pushwoosh.com/json/1.3/applicationOpen
2015-08-24 10:53:05.342 CDC General App[20544:1087652] Resetting plugins due to page load.
2015-08-24 10:53:09.194 CDC General App[20544:1087674] Response "200 no error": string: {"status_code":210,"status_message":"Application not found","response":null}
2015-08-24 10:53:09.195 CDC General App[20544:1087674] sending appOpen failed
2015-08-24 10:53:09.395 CDC General App[20544:1087652] Finished load of: file:///Users/peterbenoit/Library/Developer/CoreSimulator/Devices/49617F5F-FB9D-4EE1-B13B-EDFF69E315DE/data/Containers/Bundle/Application/55E16602-D39E-4364-A930-CC173E313ED2/CDC%20General%20App.app/www/index.html#/app/home
2015-08-24 10:53:18.351 CDC General App[20544:1087958] Terminating since there is no system app.
2015-08-28 16:06:05.356 CDC General App[16982:687695] Pushwoosh: Initializing application runtime
2015-08-28 16:06:05.456 CDC General App[16982:687695] DiskCookieStorage changing policy from 2 to 0, cookie file: file:///Users/peterbenoit/Library/Developer/CoreSimulator/Devices/49617F5F-FB9D-4EE1-B13B-EDFF69E315DE/data/Containers/Data/Application/A9815F02-7C70-4F63-9E8F-A91998F787BB/Library/Cookies/Cookies.binarycookies
2015-08-28 16:06:05.714 CDC General App[16982:687695] You've implemented -[<UIApplicationDelegate> application:didReceiveRemoteNotification:fetchCompletionHandler:], but you still need to add "remote-notification" to the list of your supported UIBackgroundModes in your Info.plist.
2015-08-28 16:06:05.730 CDC General App[16982:687695] Apache Cordova native platform version 3.8.0 is starting.
2015-08-28 16:06:05.731 CDC General App[16982:687695] Multi-tasking -> Device: YES, App: YES
2015-08-28 16:06:05.748 CDC General App[16982:687695] Unlimited access to network resources
2015-08-28 16:06:06.069 CDC General App[16982:687695] [CDVTimer][keyboard] 0.106037ms
2015-08-28 16:06:06.124 CDC General App[16982:687695] [CDVTimer][socialsharing] 55.068016ms
2015-08-28 16:06:06.249 CDC General App[16982:687695] [CDVTimer][splashscreen] 125.093997ms
2015-08-28 16:06:06.250 CDC General App[16982:687695] [CDVTimer][TotalPluginStartup] 181.608975ms
2015-08-28 16:06:06.260 CDC General App[16982:687695] Will show push notifications alert
2015-08-28 16:06:06.296 CDC General App[16982:687695] location services authorization status has not been determined yet
2015-08-28 16:06:06.320 CDC General App[16982:687695] Resetting plugins due to page load.
2015-08-28 16:06:06.342 CDC General App[16982:688056] Sending request: {"request":{"hwid":"3964A2BA-73EA-47FB-ADB6-C16E697128EE","application":"","v":"2.5"}}
2015-08-28 16:06:06.342 CDC General App[16982:688056] To urL https://cp.pushwoosh.com/json/1.3/applicationOpen
2015-08-28 16:06:07.001 CDC General App[16982:688056] Response "200 no error": string: {"status_code":210,"status_message":"Application not found","response":null}
2015-08-28 16:06:07.002 CDC General App[16982:688056] sending appOpen failed
2015-08-28 16:06:07.462 CDC General App[16982:687695] Finished load of: file:///Users/peterbenoit/Library/Developer/CoreSimulator/Devices/49617F5F-FB9D-4EE1-B13B-EDFF69E315DE/data/Containers/Bundle/Application/A437A7DD-B792-4CFB-8F11-D87DAD73C95E/CDC%20General%20App.app/www/index.html#/app/home
2015-08-28 16:06:32.784 CDC General App[16982:687695] Resetting plugins due to page load.
2015-08-28 16:06:32.784 CDC General App[16982:687695] IAB.close() called but it was already closed.
2015-08-28 16:06:33.686 CDC General App[16982:687695] Finished load of: https://mobile.twitter.com/CDCEmergency
2015-09-02 10:21:16.928 CDC General App[3335:118126] Pushwoosh: Initializing application runtime
2015-09-02 10:21:17.138 CDC General App[3335:118126] DiskCookieStorage changing policy from 2 to 0, cookie file: file:///Users/peterbenoit/Library/Developer/CoreSimulator/Devices/49617F5F-FB9D-4EE1-B13B-EDFF69E315DE/data/Containers/Data/Application/4784B986-0084-4A16-8149-68891053CF93/Library/Cookies/Cookies.binarycookies
2015-09-02 10:21:39.229 CDC General App[3744:119531] Pushwoosh: Initializing application runtime
2015-09-02 10:21:39.262 CDC General App[3744:119531] DiskCookieStorage changing policy from 2 to 0, cookie file: file:///Users/peterbenoit/Library/Developer/CoreSimulator/Devices/49617F5F-FB9D-4EE1-B13B-EDFF69E315DE/data/Containers/Data/Application/19624B84-58B9-4B66-B284-6BEA8DC08D51/Library/Cookies/Cookies.binarycookies
2015-09-02 10:21:39.425 CDC General App[3744:119531] You've implemented -[<UIApplicationDelegate> application:didReceiveRemoteNotification:fetchCompletionHandler:], but you still need to add "remote-notification" to the list of your supported UIBackgroundModes in your Info.plist.
2015-09-02 10:21:39.445 CDC General App[3744:119531] Apache Cordova native platform version 3.8.0 is starting.
2015-09-02 10:21:39.445 CDC General App[3744:119531] Multi-tasking -> Device: YES, App: YES
2015-09-02 10:21:39.458 CDC General App[3744:119531] Unlimited access to network resources
2015-09-02 10:21:39.750 CDC General App[3744:119531] [CDVTimer][keyboard] 0.056982ms
2015-09-02 10:21:39.801 CDC General App[3744:119531] [CDVTimer][socialsharing] 50.595999ms
2015-09-02 10:21:39.901 CDC General App[3744:119531] [CDVTimer][splashscreen] 100.039959ms
2015-09-02 10:21:39.901 CDC General App[3744:119531] [CDVTimer][TotalPluginStartup] 151.573002ms
2015-09-02 10:21:39.911 CDC General App[3744:119531] Will show push notifications alert
2015-09-02 10:21:39.939 CDC General App[3744:119531] location services authorization status has not been determined yet
2015-09-02 10:21:39.973 CDC General App[3744:119531] Resetting plugins due to page load.
2015-09-02 10:21:39.973 CDC General App[3744:119559] Sending request: {"request":{"hwid":"3964A2BA-73EA-47FB-ADB6-C16E697128EE","application":"","v":"2.5"}}
2015-09-02 10:21:39.973 CDC General App[3744:119559] To urL https://cp.pushwoosh.com/json/1.3/applicationOpen
2015-09-02 10:21:40.646 CDC General App[3744:119531] Finished load of: file:///Users/peterbenoit/Library/Developer/CoreSimulator/Devices/49617F5F-FB9D-4EE1-B13B-EDFF69E315DE/data/Containers/Bundle/Application/DF57C96D-5FCC-4CA9-92D4-DE944659E89A/CDC%20General%20App.app/www/index.html#/app/home
2015-09-02 10:21:40.691 CDC General App[3744:119559] Response "200 no error": string: {"status_code":210,"status_message":"Application not found","response":null}
2015-09-02 10:21:40.692 CDC General App[3744:119559] sending appOpen failed
2015-09-02 10:21:40.693 CDC General App[3744:119531] THREAD WARNING: ['PushNotification'] took '39.567871' ms. Plugin should use a background thread.
2015-09-02 10:21:40.725 CDC General App[3744:119531] Attempting to badge the application icon but haven't received permission from the user to badge the application
2015-09-02 10:21:40.725 CDC General App[3744:119531] THREAD WARNING: ['PushNotification'] took '31.812012' ms. Plugin should use a background thread.
2015-09-02 10:21:40.793 CDC General App[3744:119531] Error registering for push notifications. Error: Error Domain=NSCocoaErrorDomain Code=3010 "remote notifications are not supported in the simulator" UserInfo=0x798f4c30 {NSLocalizedDescription=remote notifications are not supported in the simulator}
2015-09-02 10:21:40.868 CDC General App[3744:119531] toast success: null
2015-09-02 10:21:40.868 CDC General App[3744:119531] WARN: failed to register : {"error":"Error Domain=NSCocoaErrorDomain Code=3010 \"remote notifications are not supported in the simulator\" UserInfo=0x798f4c30 {NSLocalizedDescription=remote notifications are not supported in the simulator}"}
2015-09-09 13:42:46.767 CDC General App[25713:1156667] Pushwoosh: Initializing application runtime
2015-09-09 13:42:46.886 CDC General App[25713:1156667] DiskCookieStorage changing policy from 2 to 0, cookie file: file:///Users/peterbenoit/Library/Developer/CoreSimulator/Devices/49617F5F-FB9D-4EE1-B13B-EDFF69E315DE/data/Containers/Data/Application/078AE9A5-F53C-4760-BB0F-FB928D879A8F/Library/Cookies/Cookies.binarycookies
2015-09-09 13:42:47.113 CDC General App[25713:1156667] You've implemented -[<UIApplicationDelegate> application:didReceiveRemoteNotification:fetchCompletionHandler:], but you still need to add "remote-notification" to the list of your supported UIBackgroundModes in your Info.plist.
2015-09-09 13:42:47.130 CDC General App[25713:1156667] Apache Cordova native platform version 3.8.0 is starting.
2015-09-09 13:42:47.130 CDC General App[25713:1156667] Multi-tasking -> Device: YES, App: YES
2015-09-09 13:42:47.143 CDC General App[25713:1156667] Unlimited access to network resources
2015-09-09 13:42:47.441 CDC General App[25713:1156667] [CDVTimer][keyboard] 0.730038ms
2015-09-09 13:42:47.491 CDC General App[25713:1156667] [CDVTimer][socialsharing] 49.793005ms
2015-09-09 13:42:47.607 CDC General App[25713:1156667] [CDVTimer][splashscreen] 115.787983ms
2015-09-09 13:42:47.607 CDC General App[25713:1156667] [CDVTimer][TotalPluginStartup] 167.272985ms
2015-09-09 13:42:47.617 CDC General App[25713:1156667] Will show push notifications alert
2015-09-09 13:42:47.647 CDC General App[25713:1156667] location services authorization status has not been determined yet
2015-09-09 13:42:47.675 CDC General App[25713:1156667] Resetting plugins due to page load.
2015-09-09 13:42:47.680 CDC General App[25713:1156768] Sending request: {"request":{"hwid":"3964A2BA-73EA-47FB-ADB6-C16E697128EE","application":"370F0-C4DE0","v":"2.5"}}
2015-09-09 13:42:47.680 CDC General App[25713:1156768] To urL https://cp.pushwoosh.com/json/1.3/applicationOpen
2015-09-09 13:42:48.422 CDC General App[25713:1156667] Finished load of: file:///Users/peterbenoit/Library/Developer/CoreSimulator/Devices/49617F5F-FB9D-4EE1-B13B-EDFF69E315DE/data/Containers/Bundle/Application/CC1846BC-36D6-4061-8E6A-B359A62B3D5C/CDC%20General%20App.app/www/index.html#/app/home
2015-09-09 13:42:48.437 CDC General App[25713:1156667] toast success: null
2015-09-09 13:42:48.438 CDC General App[25713:1156667] Error registering for push notifications. Error: Error Domain=NSCocoaErrorDomain Code=3010 "remote notifications are not supported in the simulator" UserInfo=0x79fc1510 {NSLocalizedDescription=remote notifications are not supported in the simulator}
2015-09-09 13:42:48.453 CDC General App[25713:1156768] Response "200 no error": string: {"status_code":200,"status_message":"OK","response":null}
2015-09-09 13:42:48.453 CDC General App[25713:1156768] sending appOpen completed
2015-09-09 13:42:48.463 CDC General App[25713:1156667] WARN: failed to register : {"error":"Error Domain=NSCocoaErrorDomain Code=3010 \"remote notifications are not supported in the simulator\" UserInfo=0x79fc1510 {NSLocalizedDescription=remote notifications are not supported in the simulator}"}
2015-09-09 13:42:49.410 CDC General App[25713:1156667] data:  [object Object]
2015-09-09 13:45:34.476 CDC General App[25713:1156667] Home Stream Load
2015-09-09 13:46:18.981 CDC General App[26086:1160600] Pushwoosh: Initializing application runtime
2015-09-09 13:46:19.007 CDC General App[26086:1160600] DiskCookieStorage changing policy from 2 to 0, cookie file: file:///Users/peterbenoit/Library/Developer/CoreSimulator/Devices/49617F5F-FB9D-4EE1-B13B-EDFF69E315DE/data/Containers/Data/Application/C87AD509-3009-43FD-B007-FC70F41EB9D5/Library/Cookies/Cookies.binarycookies
2015-09-09 13:46:19.060 CDC General App[26086:1160600] You've implemented -[<UIApplicationDelegate> application:didReceiveRemoteNotification:fetchCompletionHandler:], but you still need to add "remote-notification" to the list of your supported UIBackgroundModes in your Info.plist.
2015-09-09 13:46:19.079 CDC General App[26086:1160600] Apache Cordova native platform version 3.8.0 is starting.
2015-09-09 13:46:19.080 CDC General App[26086:1160600] Multi-tasking -> Device: YES, App: YES
2015-09-09 13:46:19.084 CDC General App[26086:1160600] Unlimited access to network resources
2015-09-09 13:46:19.171 CDC General App[26086:1160600] [CDVTimer][keyboard] 1.160979ms
2015-09-09 13:46:19.205 CDC General App[26086:1160600] [CDVTimer][socialsharing] 32.938004ms
2015-09-09 13:46:19.216 CDC General App[26086:1160600] [CDVTimer][splashscreen] 11.820972ms
2015-09-09 13:46:19.217 CDC General App[26086:1160600] [CDVTimer][TotalPluginStartup] 47.646999ms
2015-09-09 13:46:19.273 CDC General App[26086:1160600] Will show push notifications alert
2015-09-09 13:46:19.294 CDC General App[26086:1160600] location services authorization status has not been determined yet
2015-09-09 13:46:19.322 CDC General App[26086:1160647] Sending request: {"request":{"hwid":"7B0D8166-3165-4196-9AD4-A36002982178","application":"","v":"2.5"}}
2015-09-09 13:46:19.322 CDC General App[26086:1160647] To urL https://cp.pushwoosh.com/json/1.3/applicationOpen
2015-09-09 13:46:19.450 CDC General App[26086:1160600] Resetting plugins due to page load.
2015-09-09 13:46:20.166 CDC General App[26086:1160647] Response "200 no error": string: {"status_code":210,"status_message":"Application not found","response":null}
2015-09-09 13:46:20.166 CDC General App[26086:1160647] sending appOpen failed
2015-09-09 13:46:20.194 CDC General App[26086:1160600] Finished load of: file:///Users/peterbenoit/Library/Developer/CoreSimulator/Devices/49617F5F-FB9D-4EE1-B13B-EDFF69E315DE/data/Containers/Bundle/Application/886C37AA-1DFE-45E3-9796-DA83AE0D871E/CDC%20General%20App.app/www/index.html#/app/home
2015-09-09 13:46:20.260 CDC General App[26086:1160600] THREAD WARNING: ['PushNotification'] took '17.551025' ms. Plugin should use a background thread.
2015-09-09 13:46:20.326 CDC General App[26086:1160600] Attempting to badge the application icon but haven't received permission from the user to badge the application
2015-09-09 13:46:20.327 CDC General App[26086:1160600] THREAD WARNING: ['PushNotification'] took '65.658936' ms. Plugin should use a background thread.
2015-09-09 13:46:20.422 CDC General App[26086:1160600] Error registering for push notifications. Error: Error Domain=NSCocoaErrorDomain Code=3010 "remote notifications are not supported in the simulator" UserInfo=0x79fac100 {NSLocalizedDescription=remote notifications are not supported in the simulator}
2015-09-09 13:46:20.438 CDC General App[26086:1160600] toast success: null
2015-09-09 13:46:20.438 CDC General App[26086:1160600] WARN: failed to register : {"error":"Error Domain=NSCocoaErrorDomain Code=3010 \"remote notifications are not supported in the simulator\" UserInfo=0x79fac100 {NSLocalizedDescription=remote notifications are not supported in the simulator}"}
2015-09-09 13:46:20.512 CDC General App[26086:1160600] data:  [object Object]
2015-09-09 13:46:59.858 CDC General App[26086:1160952] Terminating since there is no system app.
2015-09-09 13:47:08.596 CDC General App[26412:1162041] Pushwoosh: Initializing application runtime
2015-09-09 13:47:08.617 CDC General App[26412:1162041] DiskCookieStorage changing policy from 2 to 0, cookie file: file:///Users/peterbenoit/Library/Developer/CoreSimulator/Devices/49617F5F-FB9D-4EE1-B13B-EDFF69E315DE/data/Containers/Data/Application/97F5323C-F638-4E03-A55A-28CD785D550B/Library/Cookies/Cookies.binarycookies
2015-09-09 13:47:08.662 CDC General App[26412:1162041] You've implemented -[<UIApplicationDelegate> application:didReceiveRemoteNotification:fetchCompletionHandler:], but you still need to add "remote-notification" to the list of your supported UIBackgroundModes in your Info.plist.
2015-09-09 13:47:08.698 CDC General App[26412:1162041] Apache Cordova native platform version 3.8.0 is starting.
2015-09-09 13:47:08.698 CDC General App[26412:1162041] Multi-tasking -> Device: YES, App: YES
2015-09-09 13:47:08.701 CDC General App[26412:1162041] Unlimited access to network resources
2015-09-09 13:47:08.775 CDC General App[26412:1162041] [CDVTimer][keyboard] 0.693023ms
2015-09-09 13:47:08.808 CDC General App[26412:1162041] [CDVTimer][socialsharing] 33.060968ms
2015-09-09 13:47:08.820 CDC General App[26412:1162041] [CDVTimer][splashscreen] 11.542022ms
2015-09-09 13:47:08.820 CDC General App[26412:1162041] [CDVTimer][TotalPluginStartup] 46.198964ms
2015-09-09 13:47:08.876 CDC General App[26412:1162041] Will show push notifications alert
2015-09-09 13:47:08.913 CDC General App[26412:1162061] Sending request: {"request":{"hwid":"19A4452C-47E5-4584-BCE6-8BFB3C195112","application":"","v":"2.5"}}
2015-09-09 13:47:08.913 CDC General App[26412:1162061] To urL https://cp.pushwoosh.com/json/1.3/applicationOpen
2015-09-09 13:47:08.926 CDC General App[26412:1162041] location services authorization status has not been determined yet
2015-09-09 13:47:09.056 CDC General App[26412:1162041] Resetting plugins due to page load.
2015-09-09 13:47:09.666 CDC General App[26412:1162041] Finished load of: file:///Users/peterbenoit/Library/Developer/CoreSimulator/Devices/49617F5F-FB9D-4EE1-B13B-EDFF69E315DE/data/Containers/Bundle/Application/FCA4665F-242E-48FC-8008-64A048464621/CDC%20General%20App.app/www/index.html#/app/home
2015-09-09 13:47:09.668 CDC General App[26412:1162061] Response "200 no error": string: {"status_code":210,"status_message":"Application not found","response":null}
2015-09-09 13:47:09.669 CDC General App[26412:1162061] sending appOpen failed
2015-09-09 13:47:09.727 CDC General App[26412:1162041] THREAD WARNING: ['PushNotification'] took '17.343018' ms. Plugin should use a background thread.
2015-09-09 13:47:09.794 CDC General App[26412:1162041] Attempting to badge the application icon but haven't received permission from the user to badge the application
2015-09-09 13:47:09.794 CDC General App[26412:1162041] THREAD WARNING: ['PushNotification'] took '66.300293' ms. Plugin should use a background thread.
2015-09-09 13:47:09.892 CDC General App[26412:1162041] Error registering for push notifications. Error: Error Domain=NSCocoaErrorDomain Code=3010 "remote notifications are not supported in the simulator" UserInfo=0x7b0acf80 {NSLocalizedDescription=remote notifications are not supported in the simulator}
2015-09-09 13:47:09.933 CDC General App[26412:1162041] toast success: null
2015-09-09 13:47:09.933 CDC General App[26412:1162041] WARN: failed to register : {"error":"Error Domain=NSCocoaErrorDomain Code=3010 \"remote notifications are not supported in the simulator\" UserInfo=0x7b0acf80 {NSLocalizedDescription=remote notifications are not supported in the simulator}"}
2015-09-09 13:47:10.576 CDC General App[26412:1162041] data:  [object Object]
2015-09-09 13:47:19.995 CDC General App[26685:1162716] Pushwoosh: Initializing application runtime
2015-09-09 13:47:20.025 CDC General App[26685:1162716] DiskCookieStorage changing policy from 2 to 0, cookie file: file:///Users/peterbenoit/Library/Developer/CoreSimulator/Devices/49617F5F-FB9D-4EE1-B13B-EDFF69E315DE/data/Containers/Data/Application/EC6E9B4C-F189-42C7-B01A-CBEDD91F1BA0/Library/Cookies/Cookies.binarycookies
2015-09-09 13:47:20.065 CDC General App[26685:1162716] You've implemented -[<UIApplicationDelegate> application:didReceiveRemoteNotification:fetchCompletionHandler:], but you still need to add "remote-notification" to the list of your supported UIBackgroundModes in your Info.plist.
2015-09-09 13:47:20.115 CDC General App[26685:1162716] Apache Cordova native platform version 3.8.0 is starting.
2015-09-09 13:47:20.115 CDC General App[26685:1162716] Multi-tasking -> Device: YES, App: YES
2015-09-09 13:47:20.118 CDC General App[26685:1162716] Unlimited access to network resources
2015-09-09 13:47:20.185 CDC General App[26685:1162716] [CDVTimer][keyboard] 0.060022ms
2015-09-09 13:47:20.220 CDC General App[26685:1162716] [CDVTimer][socialsharing] 34.021974ms
2015-09-09 13:47:20.231 CDC General App[26685:1162716] [CDVTimer][splashscreen] 10.860026ms
2015-09-09 13:47:20.231 CDC General App[26685:1162716] [CDVTimer][TotalPluginStartup] 45.452952ms
2015-09-09 13:47:20.240 CDC General App[26685:1162716] Will show push notifications alert
2015-09-09 13:47:20.262 CDC General App[26685:1162734] Sending request: {"request":{"hwid":"19A4452C-47E5-4584-BCE6-8BFB3C195112","application":"370F0-C4DE0","v":"2.5"}}
2015-09-09 13:47:20.262 CDC General App[26685:1162734] To urL https://cp.pushwoosh.com/json/1.3/applicationOpen
2015-09-09 13:47:20.302 CDC General App[26685:1162716] location services authorization status has not been determined yet
2015-09-09 13:47:20.312 CDC General App[26685:1162716] Resetting plugins due to page load.
2015-09-09 13:47:20.821 CDC General App[26685:1162716] Finished load of: file:///Users/peterbenoit/Library/Developer/CoreSimulator/Devices/49617F5F-FB9D-4EE1-B13B-EDFF69E315DE/data/Containers/Bundle/Application/A4AE51AB-E0E3-4CEA-99C6-0E33207EF991/CDC%20General%20App.app/www/index.html#/app/home
2015-09-09 13:47:20.880 CDC General App[26685:1162716] toast success: null
2015-09-09 13:47:20.880 CDC General App[26685:1162716] Error registering for push notifications. Error: Error Domain=NSCocoaErrorDomain Code=3010 "remote notifications are not supported in the simulator" UserInfo=0x7a87bb00 {NSLocalizedDescription=remote notifications are not supported in the simulator}
2015-09-09 13:47:20.888 CDC General App[26685:1162716] WARN: failed to register : {"error":"Error Domain=NSCocoaErrorDomain Code=3010 \"remote notifications are not supported in the simulator\" UserInfo=0x7a87bb00 {NSLocalizedDescription=remote notifications are not supported in the simulator}"}
2015-09-09 13:47:20.991 CDC General App[26685:1162734] Response "200 no error": string: {"status_code":200,"status_message":"OK","response":null}
2015-09-09 13:47:20.991 CDC General App[26685:1162734] sending appOpen completed
2015-09-09 13:47:21.032 CDC General App[26685:1162716] data:  [object Object]
2015-09-09 13:54:05.665 CDC General App[26685:1162716] [{"kind":"youtube#playlistItem","etag":"\"sGDdEsjSJ_SnACpEvVQ6MtTzkrI/aEFtMooBcEHDQVywyiMEGiddmFM\"","id":"PL8YPIjxrmIGpTof2vTU_Jy2_uIoncuvWlIfq9olbh26g","snippet":{"publishedAt":"2014-07-09T19:34:42.000Z","channelId":"UCiMg06DjcUk5FRiM3g5sqoQ","title":"Opioid Painkiller Prescribing: Where You Live Makes a Difference","description":"This month's Vital Signs (www.cdc.gov/vitalsigns/) reports health care providers wrote 259 million prescriptions for painkillers in 2012, enough for every American adult to have a bottle of pills. Higher prescribing of painkillers is associated with more overdose deaths. The report also has examples of states that reversed its overdose trend.  \n\nComments on this video are allowed in accordance with our comment policy: http://www.cdc.gov/SocialMedia/Tools/CommentPolicy.html\n \nThis video can also be viewed at \nhttp://streaming.cdc.gov/vod.php?id=428e26790e7e42390fc3955d1e57fadc20140630134915375","thumbnails":{"default":{"url":"https://i.ytimg.com/vi/8TmPEy94TYI/default.jpg","width":120,"height":90},"medium":{"url":"https://i.ytimg.com/vi/8TmPEy94TYI/mqdefault.jpg","width":320,"height":180},"high":{"url":"https://i.ytimg.com/vi/8TmPEy94TYI/hqdefault.jpg","width":480,"height":360},"standard":{"url":"https://i.ytimg.com/vi/8TmPEy94TYI/sddefault.jpg","width":640,"height":480},"maxres":{"url":"https://i.ytimg.com/vi/8TmPEy94TYI/maxresdefault.jpg","width":1280,"height":720}},"channelTitle":"Centers for Disease Control and Prevention (CDC)","playlistId":"PLvrp9iOILTQb0_WAGpHGyMTzi2WZwAXaL","position":0,"resourceId":{"kind":"youtube#video","videoId":"8TmPEy94TYI"}}},{"kind":"youtube#playlistItem","etag":"\"sGDdEsjSJ_SnACpEvVQ6MtTzkrI/ZrIqvSXOJcqVeB7SUFxPN6tFmdE\"","id":"PL8YPIjxrmIGpTof2vTU_Jy_QnduN9V10NT2twR2oN4WY","snippet":{"publishedAt":"2014-07-09T19:34:42.000Z","channelId":"UCiMg06DjcUk5FRiM3g5sqoQ","title":"Recetas de analgésicos opioides. El sitio en donde vive puede influir entre recibirlas o no","description":"El informe Signos Vitales (www.cdc.gov/spanish/signosvitales) de este mes indica que los proveedores de atención médica prescribieron 259 millones de recetas de analgésicos en el 2012, una cantidad suficiente para que cada adulto en los EE. UU. tuviera un frasco de medicamentos.  . El aumento en la prescripción de analgésicos se asocia a más muertes por sobredosis. El informe también incluye ejemplos de estados que han dado marcha atrás a la tendencia de sobredosis.\n\nSe permiten comentarios sobre este video de acuerdo a nuestra política de comentarios: http://www.cdc.gov/SocialMedia/Tools/CommentPolicy.html\n\nEste video también se puede ver en: http://streaming.cdc.gov/vod2.php?id=65ff502b3c61c3ff9f1a80e32a167ad620140630143541710","thumbnails":{"default":{"url":"https://i.ytimg.com/vi/PYaaMnQgFog/default.jpg","width":120,"height":90},"medium":{"url":"https://i.ytimg.com/vi/PYaaMnQgFog/mqdefault.jpg","width":320,"height":180},"high":{"url":"https://i.ytimg.com/vi/PYaaMnQgFog/hqdefault.jpg","width":480,"height":360},"standard":{"url":"https://i.ytimg.com/vi/PYaaMnQgFog/sddefault.jpg","width":640,"height":480}},"channelTitle":"Centers for Disease Control and Prevention (CDC)","playlistId":"PLvrp9iOILTQb0_WAGpHGyMTzi2WZwAXaL","position":1,"resourceId":{"kind":"youtube#video","videoId":"PYaaMnQgFog"}}},{"kind":"youtube#playlistItem","etag":"\"sGDdEsjSJ_SnACpEvVQ6MtTzkrI/QU8aa5IhgA_FdqjTle5JkNQQ7pU\"","id":"PL8YPIjxrmIGpTof2vTU_JyzJ18_AKc4Ja5v9QcClaI0o","snippet":{"publishedAt":"2014-04-08T17:14:27.000Z","channelId":"UCiMg06DjcUk5FRiM3g5sqoQ","title":"Preventing Pregnancies in Younger Teens","description":"This month's Vital Signs (www.cdc.gov/vitalsigns/) reports that despite teen births in the US have declined over the last 20 years to the lowest level ever recorded, still nearly 1,700 teens ages 15 to 17 gave birth every week in 2012.\n\nComments on this video are allowed in accordance with our comment policy: http://www.cdc.gov/SocialMedia/Tools/CommentPolicy.html\n \nThis video can also be viewed at \nhttp://streaming.cdc.gov/vod.php?id=bfb98d087ab957f40408a53f7b6e9a0420140401104746297","thumbnails":{"default":{"url":"https://i.ytimg.com/vi/3YaU2NH-II0/default.jpg","width":120,"height":90},"medium":{"url":"https://i.ytimg.com/vi/3YaU2NH-II0/mqdefault.jpg","width":320,"height":180},"high":{"url":"https://i.ytimg.com/vi/3YaU2NH-II0/hqdefault.jpg","width":480,"height":360},"standard":{"url":"https://i.ytimg.com/vi/3YaU2NH-II0/sddefault.jpg","width":640,"height":480},"maxres":{"url":"https://i.ytimg.com/vi/3YaU2NH-II0/maxresdefault.jpg","width":1280,"height":720}},"channelTitle":"Centers for Disease Control and Prevention (CDC)","playlistId":"PLvrp9iOILTQb0_WAGpHGyMTzi2WZwAXaL","position":2,"resourceId":{"kind":"youtube#video","videoId":"3YaU2NH-II0"}}},{"kind":"youtube#playlistItem","etag":"\"sGDdEsjSJ_SnACpEvVQ6MtTzkrI/WTlmOFhQUeAf0igwKuQJVWFzSsM\"","id":"PL8YPIjxrmIGpTof2vTU_Jy_A_2ZH9GKrID_8RNMk0bLU","snippet":{"publishedAt":"2014-07-09T19:36:33.000Z","channelId":"UCiMg06DjcUk5FRiM3g5sqoQ","title":"Preventing Norovirus Outbreaks","description":"Most norovirus outbreaks from contaminated food occur in food service settings, according to this month's Vital Signs (www.cdc.gov/vitalsigns/) reports. The report provides some key recommendations to help the food service industry prevent these outbreaks that get millions of people sick each year.\n\nComments on this video are allowed in accordance with our comment policy: http://www.cdc.gov/SocialMedia/Tools/CommentPolicy.html\n  \nThis video can also be viewed at \nhttp://streaming.cdc.gov/vod.php?id=569f80513ba62255675da92c366351b420140602112406625","thumbnails":{"default":{"url":"https://i.ytimg.com/vi/p7KoIJMOufs/default.jpg","width":120,"height":90},"medium":{"url":"https://i.ytimg.com/vi/p7KoIJMOufs/mqdefault.jpg","width":320,"height":180},"high":{"url":"https://i.ytimg.com/vi/p7KoIJMOufs/hqdefault.jpg","width":480,"height":360},"standard":{"url":"https://i.ytimg.com/vi/p7KoIJMOufs/sddefault.jpg","width":640,"height":480},"maxres":{"url":"https://i.ytimg.com/vi/p7KoIJMOufs/maxresdefault.jpg","width":1280,"height":720}},"channelTitle":"Centers for Disease Control and Prevention (CDC)","playlistId":"PLvrp9iOILTQb0_WAGpHGyMTzi2WZwAXaL","position":3,"resourceId":{"kind":"youtube#video","videoId":"p7KoIJMOufs"}}},{"kind":"youtube#playlistItem","etag":"\"sGDdEsjSJ_SnACpEvVQ6MtTzkrI/hA_9Cs5uVraY3WLKNKafiEjf6m4\"","id":"PL8YPIjxrmIGpTof2vTU_Jy3jhldXMR5xXbN18TOzuTTg","snippet":{"publishedAt":"2014-04-08T17:11:38.000Z","channelId":"UCiMg06DjcUk5FRiM3g5sqoQ","title":"Prevención de embarazos en las adolescentes de 15 a 17 años","description":"El informe Signos Vitales  (http://www.cdc.gov/spanish/signosvitales/index.html)  de este mes indica que los nacimientos de bebés en adolescentes en los Estados Unidos han disminuido durante los últimos 20 años hasta llegar al mínimo nivel que se haya registrado. Sin embargo, cerca de 1700 adolescentes de 15 a 17 años dieron a luz cada semana en el 2012.\nSe permiten comentarios sobre este video de acuerdo a nuestra política de comentarios:\nhttp://www.cdc.gov/SocialMedia/Tools/CommentPolicy.html\n\nEste video también se puede ver en:\nhttp://streaming.cdc.gov/vod2.php?id=25d86a45ac9f4f276cf0c0615da268ce20140331141214178","thumbnails":{"default":{"url":"https://i.ytimg.com/vi/PBzfHFVeOK8/default.jpg","width":120,"height":90},"medium":{"url":"https://i.ytimg.com/vi/PBzfHFVeOK8/mqdefault.jpg","width":320,"height":180},"high":{"url":"https://i.ytimg.com/vi/PBzfHFVeOK8/hqdefault.jpg","width":480,"height":360},"standard":{"url":"https://i.ytimg.com/vi/PBzfHFVeOK8/sddefault.jpg","width":640,"height":480},"maxres":{"url":"https://i.ytimg.com/vi/PBzfHFVeOK8/maxresdefault.jpg","width":1280,"height":720}},"channelTitle":"Centers for Disease Control and Prevention (CDC)","playlistId":"PLvrp9iOILTQb0_WAGpHGyMTzi2WZwAXaL","position":4,"resourceId":{"kind":"youtube#video","videoId":"PBzfHFVeOK8"}}},{"kind":"youtube#playlistItem","etag":"\"sGDdEsjSJ_SnACpEvVQ6MtTzkrI/LAn3-IlzL234NFuqU9cFkg1VaTQ\"","id":"PL8YPIjxrmIGpTof2vTU_JywsjhqqUPZB4wn5fOkc54yg","snippet":{"publishedAt":"2014-03-06T15:15:38.000Z","channelId":"UCiMg06DjcUk5FRiM3g5sqoQ","title":"Making Health Care Safer. Antibiotic prescribing in hospitals: use caution","description":"Poor antibiotic prescribing practices in hospitals can needlessly put patients at risk for Clostridium difficile infection (deadly diarrhea) and future drug-resistant infections. This month, the CDC Vital Signs report looks at prescribing practices and variations, and calls on all US hospitals to improve prescribing practices.\n\nComments on this video are allowed in accordance with our comment policy: http://www.cdc.gov/SocialMedia/Tools/CommentPolicy.html\n \nThis video can also be viewed at \nhttp://www.cdc.gov/about/cdcdirector/briefings.html","thumbnails":{"default":{"url":"https://i.ytimg.com/vi/FlyDpM753Bs/default.jpg","width":120,"height":90},"medium":{"url":"https://i.ytimg.com/vi/FlyDpM753Bs/mqdefault.jpg","width":320,"height":180},"high":{"url":"https://i.ytimg.com/vi/FlyDpM753Bs/hqdefault.jpg","width":480,"height":360},"standard":{"url":"https://i.ytimg.com/vi/FlyDpM753Bs/sddefault.jpg","width":640,"height":480},"maxres":{"url":"https://i.ytimg.com/vi/FlyDpM753Bs/maxresdefault.jpg","width":1280,"height":720}},"channelTitle":"Centers for Disease Control and Prevention (CDC)","playlistId":"PLvrp9iOILTQb0_WAGpHGyMTzi2WZwAXaL","position":5,"resourceId":{"kind":"youtube#video","videoId":"FlyDpM753Bs"}}},{"kind":"youtube#playlistItem","etag":"\"sGDdEsjSJ_SnACpEvVQ6MtTzkrI/p_0uYx9kaOulaOH0IR6sL0W4Arw\"","id":"PL8YPIjxrmIGpTof2vTU_Jy5lqnkqrLVIONpgm_7XrkZc","snippet":{"publishedAt":"2013-12-02T15:56:30.000Z","channelId":"UCiMg06DjcUk5FRiM3g5sqoQ","title":"World AIDS Day: Closer Than Ever to an AIDS-Free Generation","description":"On World AIDS Day, Tom Frieden, CDC Director, talks about global progress toward an AIDS-free generation. \n\nComments on this video are allowed in accordance with our comment policy: http://www.cdc.gov/SocialMedia/Tools/CommentPolicy.html\n  \nThis video can also be viewed at\nhttp://streaming.cdc.gov/vod.php?id=d322cab93574186e04e9821146b3e03920131120114602390","thumbnails":{"default":{"url":"https://i.ytimg.com/vi/bpRTPxo_390/default.jpg","width":120,"height":90},"medium":{"url":"https://i.ytimg.com/vi/bpRTPxo_390/mqdefault.jpg","width":320,"height":180},"high":{"url":"https://i.ytimg.com/vi/bpRTPxo_390/hqdefault.jpg","width":480,"height":360},"standard":{"url":"https://i.ytimg.com/vi/bpRTPxo_390/sddefault.jpg","width":640,"height":480},"maxres":{"url":"https://i.ytimg.com/vi/bpRTPxo_390/maxresdefault.jpg","width":1280,"height":720}},"channelTitle":"Centers for Disease Control and Prevention (CDC)","playlistId":"PLvrp9iOILTQb0_WAGpHGyMTzi2WZwAXaL","position":6,"resourceId":{"kind":"youtube#video","videoId":"bpRTPxo_390"}}},{"kind":"youtube#playlistItem","etag":"\"sGDdEsjSJ_SnACpEvVQ6MtTzkrI/v9eNI1QMBzTGjh3_zryit0XlgbI\"","id":"PL8YPIjxrmIGpTof2vTU_Jy7yeDNdrA20tXnKExMCNRYg","snippet":{"publishedAt":"2013-11-05T17:59:59.000Z","channelId":"UCiMg06DjcUk5FRiM3g5sqoQ","title":"Director's Briefing: Testing to Prevent Colon Cancer","description":"In this Director's Briefing video, CDC Director Dr. Tom Frieden talks about this month's Vital Signs, which reports that about 23 million adults (ages 50-75) have not gotten the life-saving tests they need to find colon cancer early. Testing is important. Every year, more than 50,000 Americans die from colon cancer -- yet testing could have found precancerous growths and saved lives. There are different types of screening tests, and people are encouraged to talk with their doctor about which test is right for them. The best test is the test that gets done.\n\nComments on this video are allowed in accordance with our comment policy: http://www.cdc.gov/SocialMedia/Tools/CommentPolicy.html\n \nThis video can also be viewed at \nhttp://streaming.cdc.gov/vod.php?id=d55c30c1c09dba8b5ee32a7103ab317c20131104092453606","thumbnails":{"default":{"url":"https://i.ytimg.com/vi/dKvAg9wKv9E/default.jpg","width":120,"height":90},"medium":{"url":"https://i.ytimg.com/vi/dKvAg9wKv9E/mqdefault.jpg","width":320,"height":180},"high":{"url":"https://i.ytimg.com/vi/dKvAg9wKv9E/hqdefault.jpg","width":480,"height":360},"standard":{"url":"https://i.ytimg.com/vi/dKvAg9wKv9E/sddefault.jpg","width":640,"height":480},"maxres":{"url":"https://i.ytimg.com/vi/dKvAg9wKv9E/maxresdefault.jpg","width":1280,"height":720}},"channelTitle":"Centers for Disease Control and Prevention (CDC)","playlistId":"PLvrp9iOILTQb0_WAGpHGyMTzi2WZwAXaL","position":7,"resourceId":{"kind":"youtube#video","videoId":"dKvAg9wKv9E"}}},{"kind":"youtube#playlistItem","etag":"\"sGDdEsjSJ_SnACpEvVQ6MtTzkrI/cd6hTyqBjFBaceAIIjxNVPHb4zs\"","id":"PL8YPIjxrmIGpTof2vTU_Jy2o14wZANFQN3IEyVUi1eug","snippet":{"publishedAt":"2013-11-05T17:59:59.000Z","channelId":"UCiMg06DjcUk5FRiM3g5sqoQ","title":"Sesión informativa del director: Prevención del cáncer colorrectal","description":"En esta Sesión Informativa, el Director de los CDC, Dr. Tom Frieden, habla sobre el reporte Signos Vitales de este mes. El reporte indica que dos de cada cinco hispanos entre los 50 y los 75 años de edad no se han hecho una prueba de detección del cáncer colorrectal. Esa cifra es casi el doble que la de otros grupos. En los EE.UU. más de 50000 personas mueren por cáncer colorrectal cada año. Las pruebas de detección del cáncer colorrectal pueden prevenir el cáncer y salvar vidas.  Hay diferentes pruebas de detección. Hable con su doctor sobre la mejor prueba para usted.  \n\nSe permiten comentarios sobre este video de acuerdo a nuestra política de comentarios: http://www.cdc.gov/SocialMedia/Tools/CommentPolicy.html\n\nEste video también se puede ver en:\nhttp://streaming.cdc.gov/vod.php?id=2b55256fe5b0f8f5dedfaefffece06ce20131104085238887","thumbnails":{"default":{"url":"https://i.ytimg.com/vi/CgSzp9CH5sQ/default.jpg","width":120,"height":90},"medium":{"url":"https://i.ytimg.com/vi/CgSzp9CH5sQ/mqdefault.jpg","width":320,"height":180},"high":{"url":"https://i.ytimg.com/vi/CgSzp9CH5sQ/hqdefault.jpg","width":480,"height":360},"standard":{"url":"https://i.ytimg.com/vi/CgSzp9CH5sQ/sddefault.jpg","width":640,"height":480},"maxres":{"url":"https://i.ytimg.com/vi/CgSzp9CH5sQ/maxresdefault.jpg","width":1280,"height":720}},"channelTitle":"Centers for Disease Control and Prevention (CDC)","playlistId":"PLvrp9iOILTQb0_WAGpHGyMTzi2WZwAXaL","position":8,"resourceId":{"kind":"youtube#video","videoId":"CgSzp9CH5sQ"}}},{"kind":"youtube#playlistItem","etag":"\"sGDdEsjSJ_SnACpEvVQ6MtTzkrI/T-0TJTKtbszA0Fu0rtzTIuAswSc\"","id":"PL8YPIjxrmIGpTof2vTU_Jy9LHYha3Hfp5NTuU1b9hGrM","snippet":{"publishedAt":"2013-09-17T19:30:54.000Z","channelId":"UCiMg06DjcUk5FRiM3g5sqoQ","title":"Dr. Tom Frieden Speaks at National Press Club: \"The Cough Heard 'Round the World\"","description":"CDC Director Dr. Tom Frieden spoke on the state of our nation's health security at the National Press Club's Luncheon on Tuesday, September 10, 2013, in Washington, DC.  Dr. Frieden's talk, \"The Cough Heard 'Round the World,\" identified imminent dangers to our health security -- superbugs, disasters, and leading causes of death -- and the strategies the nation's health protection agency can use to thwart them. A question and answer session following his remarks. \n\nComments on this video are allowed in accordance with our comment policy: http://www.cdc.gov/SocialMedia/Tools/CommentPolicy.html\n \nThis video can also be viewed at \nhttp://streaming.cdc.gov/vod.php?id=076e8ea454ed653ec2d41db31aa4c70420130916111253311","thumbnails":{"default":{"url":"https://i.ytimg.com/vi/n8g24t6cMi8/default.jpg","width":120,"height":90},"medium":{"url":"https://i.ytimg.com/vi/n8g24t6cMi8/mqdefault.jpg","width":320,"height":180},"high":{"url":"https://i.ytimg.com/vi/n8g24t6cMi8/hqdefault.jpg","width":480,"height":360},"standard":{"url":"https://i.ytimg.com/vi/n8g24t6cMi8/sddefault.jpg","width":640,"height":480},"maxres":{"url":"https://i.ytimg.com/vi/n8g24t6cMi8/maxresdefault.jpg","width":1280,"height":720}},"channelTitle":"Centers for Disease Control and Prevention (CDC)","playlistId":"PLvrp9iOILTQb0_WAGpHGyMTzi2WZwAXaL","position":9,"resourceId":{"kind":"youtube#video","videoId":"n8g24t6cMi8"}}},{"kind":"youtube#playlistItem","etag":"\"sGDdEsjSJ_SnACpEvVQ6MtTzkrI/I5-vZtua1xaG2bATYKmWV2vzNw0\"","id":"PL8YPIjxrmIGpTof2vTU_JyxcLSibsTbW_BOk7AT0uWnA","snippet":{"publishedAt":"2013-09-16T15:52:00.000Z","channelId":"UCiMg06DjcUk5FRiM3g5sqoQ","title":"Director's Briefing: Serious Health Threat of Antibiotic-Resistant Germs","description":"CDC's new report covers one of the most serious health threats we face today - antibiotic resistance.  The fact that our antibiotics don't work as well as they used to, or at all, against a growing number of infections is alarming.  We risk a future where simple infections can turn deadly. Cutting this threat requires urgent and immediate collaboration among public health, clinical medicine, agriculture, industry, and policy makers.\n\nComments on this video are allowed in accordance with our comment policy: http://www.cdc.gov/SocialMedia/Tools/CommentPolicy.html\n \nThis video can also be viewed at \nhttp://streaming.cdc.gov/vod.php?id=82e8cee8c3472670cdbff778ac82115920130914115856715","thumbnails":{"default":{"url":"https://i.ytimg.com/vi/uZt6q2uwM2g/default.jpg","width":120,"height":90},"medium":{"url":"https://i.ytimg.com/vi/uZt6q2uwM2g/mqdefault.jpg","width":320,"height":180},"high":{"url":"https://i.ytimg.com/vi/uZt6q2uwM2g/hqdefault.jpg","width":480,"height":360},"standard":{"url":"https://i.ytimg.com/vi/uZt6q2uwM2g/sddefault.jpg","width":640,"height":480},"maxres":{"url":"https://i.ytimg.com/vi/uZt6q2uwM2g/maxresdefault.jpg","width":1280,"height":720}},"channelTitle":"Centers for Disease Control and Prevention (CDC)","playlistId":"PLvrp9iOILTQb0_WAGpHGyMTzi2WZwAXaL","position":10,"resourceId":{"kind":"youtube#video","videoId":"uZt6q2uwM2g"}}},{"kind":"youtube#playlistItem","etag":"\"sGDdEsjSJ_SnACpEvVQ6MtTzkrI/D3V_6nbIGLgbbQEpi4d2Ya8IpHg\"","id":"PL8YPIjxrmIGpTof2vTU_Jy5Tgg7DQOQyzbPCgcgcMZDs","snippet":{"publishedAt":"2013-09-09T19:01:05.000Z","channelId":"UCiMg06DjcUk5FRiM3g5sqoQ","title":"Director's Briefing: Impact of Tips from Former Smokers Campaign","description":"Last year, CDC launched the Tips from Former Smokers campaign (www.cdc.gov/tips). We ran hard-hitting ads that vividly illustrated the damage caused by smoking and exposure to secondhand smoke, encouraged quitting, and offered help to those who wanted it. By the time it was over, the campaign prompted nearly a quarter of a million Americans to quit smoking, and more than 100,000 will likely remain quit. After they saw the ads, millions of nonsmokers talked to friends and family about the dangers of smoking and referred them to programs that could help them quit and save their lives.\n\nComments on this video are allowed in accordance with our comment policy: http://www.cdc.gov/SocialMedia/Tools/CommentPolicy.html\n \nThis video can also be viewed at http://streaming.cdc.gov/vod.php?id=9e6a3ded81e1534a9d9e227e4924fdf720130906102610118","thumbnails":{"default":{"url":"https://i.ytimg.com/vi/atqKTqD0oxg/default.jpg","width":120,"height":90},"medium":{"url":"https://i.ytimg.com/vi/atqKTqD0oxg/mqdefault.jpg","width":320,"height":180},"high":{"url":"https://i.ytimg.com/vi/atqKTqD0oxg/hqdefault.jpg","width":480,"height":360},"standard":{"url":"https://i.ytimg.com/vi/atqKTqD0oxg/sddefault.jpg","width":640,"height":480},"maxres":{"url":"https://i.ytimg.com/vi/atqKTqD0oxg/maxresdefault.jpg","width":1280,"height":720}},"channelTitle":"Centers for Disease Control and Prevention (CDC)","playlistId":"PLvrp9iOILTQb0_WAGpHGyMTzi2WZwAXaL","position":11,"resourceId":{"kind":"youtube#video","videoId":"atqKTqD0oxg"}}},{"kind":"youtube#playlistItem","etag":"\"sGDdEsjSJ_SnACpEvVQ6MtTzkrI/lpeSnAoG7Y6K6cNJNRK_SHQsN4Y\"","id":"PL8YPIjxrmIGpTof2vTU_JyzDiM0Dujc4BTNfDQQRjO94","snippet":{"publishedAt":"2013-09-03T17:08:02.000Z","channelId":"UCiMg06DjcUk5FRiM3g5sqoQ","title":"Director's Briefing: Heart Disease and Stroke","description":"The CDC works 24/7 to save lives and protect people. This month's edition of Vital Signs (www.cdc.gov/vitalsigns/) focuses on the health problems that cause the most deaths in the United States: heart disease and stroke. One in three deaths in this country is due to cardiovascular disease. This figure is of great concern, especially because research clearly shows that we could prevent many of these deaths.\n\nComments on this video are allowed in accordance with our comment policy: http://www.cdc.gov/SocialMedia/Tools/CommentPolicy.html\n \nThis video can also be viewed at http://streaming.cdc.gov/vod.php?id=f98f982ce0da5bf5e4508d4cd9f314dd20130829153442564","thumbnails":{"default":{"url":"https://i.ytimg.com/vi/UOn0lKH5JS0/default.jpg","width":120,"height":90},"medium":{"url":"https://i.ytimg.com/vi/UOn0lKH5JS0/mqdefault.jpg","width":320,"height":180},"high":{"url":"https://i.ytimg.com/vi/UOn0lKH5JS0/hqdefault.jpg","width":480,"height":360},"standard":{"url":"https://i.ytimg.com/vi/UOn0lKH5JS0/sddefault.jpg","width":640,"height":480},"maxres":{"url":"https://i.ytimg.com/vi/UOn0lKH5JS0/maxresdefault.jpg","width":1280,"height":720}},"channelTitle":"Centers for Disease Control and Prevention (CDC)","playlistId":"PLvrp9iOILTQb0_WAGpHGyMTzi2WZwAXaL","position":12,"resourceId":{"kind":"youtube#video","videoId":"UOn0lKH5JS0"}}},{"kind":"youtube#playlistItem","etag":"\"sGDdEsjSJ_SnACpEvVQ6MtTzkrI/u5S6G-osriGWrENqltTwd4m2bus\"","id":"PL8YPIjxrmIGpTof2vTU_Jy5hUrPI8k9qoCsUe3Q4XiNI","snippet":{"publishedAt":"2013-09-03T17:08:02.000Z","channelId":"UCiMg06DjcUk5FRiM3g5sqoQ","title":"Sesión informativa del director: Enfermedades cardiacas y derrames cerebrales","description":"El CDC trabaja día y noche para salvar vidas y proteger a las personas. La edición de este mes del informe Signos Vitales (www.cdc.gov/vitalsigns/) se concentra en los problemas de salud que causan más muertes en los Estados Unidos: la enfermedad cardiaca y los derrames cerebrales.  Una de cada tres muertes en este país se debe a la enfermedad cardiovascular. Esta cifra es una gran preocupación, porque las investigaciones muestran claramente que podríamos prevenir muchas de estas muertes.\n\nSe permiten comentarios sobre este video de acuerdo a nuestra política de comentarios:\nhttp://www.cdc.gov/SocialMedia/Tools/CommentPolicy.html\n\nEste video también se puede ver en: http://streaming.cdc.gov/vod.php?id=c85d097fc419726804cfd30649f28beb20130829153600204","thumbnails":{"default":{"url":"https://i.ytimg.com/vi/hsVshj2UO0E/default.jpg","width":120,"height":90},"medium":{"url":"https://i.ytimg.com/vi/hsVshj2UO0E/mqdefault.jpg","width":320,"height":180},"high":{"url":"https://i.ytimg.com/vi/hsVshj2UO0E/hqdefault.jpg","width":480,"height":360},"standard":{"url":"https://i.ytimg.com/vi/hsVshj2UO0E/sddefault.jpg","width":640,"height":480},"maxres":{"url":"https://i.ytimg.com/vi/hsVshj2UO0E/maxresdefault.jpg","width":1280,"height":720}},"channelTitle":"Centers for Disease Control and Prevention (CDC)","playlistId":"PLvrp9iOILTQb0_WAGpHGyMTzi2WZwAXaL","position":13,"resourceId":{"kind":"youtube#video","videoId":"hsVshj2UO0E"}}},{"kind":"youtube#playlistItem","etag":"\"sGDdEsjSJ_SnACpEvVQ6MtTzkrI/hn_4gXVo-Hj6ekpJM_OVBPgC6BE\"","id":"PL8YPIjxrmIGpTof2vTU_Jy0n9JycKMowQaManySxOsEc","snippet":{"publishedAt":"2013-05-22T13:34:32.000Z","channelId":"UCiMg06DjcUk5FRiM3g5sqoQ","title":"Director's Briefing: Talk to Your Doc About Quitting Smoking","description":"In this Director's Briefing video, CDC Director Dr. Tom Frieden talks about how two-thirds of tobacco users want to quit, but fewer than one in ten succeed each year; however, advice from doctors can double or triple the odds that someone will quit for good. Doctors, pharmacists, physician assistants, nurses, and all healthcare providers need to play a critical role in helping tobacco users quit. For more information on CDC's Tips from Former Smokers campaign 2013, visit www.cdc.gov/tips. \r\n\r\nComments on this video are allowed in accordance with our comment policy: http://www.cdc.gov/SocialMedia/Tools/CommentPolicy.html\r\n \r\nThis video can also be viewed at \r\nhttp://streaming.cdc.gov/vod.php?id=a3fd6e7afbd3dd72d2f27a4011198d4220130514133811240","thumbnails":{"default":{"url":"https://i.ytimg.com/vi/xScOu6GPsMw/default.jpg","width":120,"height":90},"medium":{"url":"https://i.ytimg.com/vi/xScOu6GPsMw/mqdefault.jpg","width":320,"height":180},"high":{"url":"https://i.ytimg.com/vi/xScOu6GPsMw/hqdefault.jpg","width":480,"height":360},"standard":{"url":"https://i.ytimg.com/vi/xScOu6GPsMw/sddefault.jpg","width":640,"height":480},"maxres":{"url":"https://i.ytimg.com/vi/xScOu6GPsMw/maxresdefault.jpg","width":1280,"height":720}},"channelTitle":"Centers for Disease Control and Prevention (CDC)","playlistId":"PLvrp9iOILTQb0_WAGpHGyMTzi2WZwAXaL","position":14,"resourceId":{"kind":"youtube#video","videoId":"xScOu6GPsMw"}}},{"kind":"youtube#playlistItem","etag":"\"sGDdEsjSJ_SnACpEvVQ6MtTzkrI/62nV1WVj64CIhdJLyly0LlhXt_g\"","id":"PL8YPIjxrmIGpTof2vTU_Jy0qOtSZCcPB35eo33Dh680E","snippet":{"publishedAt":"2013-05-07T17:35:25.000Z","channelId":"UCiMg06DjcUk5FRiM3g5sqoQ","title":"Director's Briefing: Hepatitis C","description":"In this Director's Briefing video, CDC Director Dr. Tom Frieden talks about the latest Vital Signs report on hepatitis C (www.cdc.gov/vitalsigns/) -- a leading cause of liver cancer. Although hepatitis C can be a serious disease, most people do not know they are infected. There are about three million Americans with hepatitis C, most of whom are baby boomers born from 1945 through 1965. A blood test can tell if a person has ever been infected with hepatitis C and more effective treatments are available.\n\nComments on this video are allowed in accordance with our comment policy: http://www.cdc.gov/SocialMedia/Tools/CommentPolicy.html\n \nThis video can also be viewed at \nhttp://streaming.cdc.gov/vod.php?id=302560417b7ce7b29c6edd1d0628b68720130502145318233","thumbnails":{"default":{"url":"https://i.ytimg.com/vi/m6BwMRSnj_Q/default.jpg","width":120,"height":90},"medium":{"url":"https://i.ytimg.com/vi/m6BwMRSnj_Q/mqdefault.jpg","width":320,"height":180},"high":{"url":"https://i.ytimg.com/vi/m6BwMRSnj_Q/hqdefault.jpg","width":480,"height":360},"standard":{"url":"https://i.ytimg.com/vi/m6BwMRSnj_Q/sddefault.jpg","width":640,"height":480},"maxres":{"url":"https://i.ytimg.com/vi/m6BwMRSnj_Q/maxresdefault.jpg","width":1280,"height":720}},"channelTitle":"Centers for Disease Control and Prevention (CDC)","playlistId":"PLvrp9iOILTQb0_WAGpHGyMTzi2WZwAXaL","position":15,"resourceId":{"kind":"youtube#video","videoId":"m6BwMRSnj_Q"}}},{"kind":"youtube#playlistItem","etag":"\"sGDdEsjSJ_SnACpEvVQ6MtTzkrI/ASqP9tmH0ORXv_iFouL9BuQwYaM\"","id":"PL8YPIjxrmIGpTof2vTU_JyxOvKbd5oPEJ6bRDHeQ5YgY","snippet":{"publishedAt":"2013-04-10T20:45:05.000Z","channelId":"UCiMg06DjcUk5FRiM3g5sqoQ","title":"Director's Briefing: Advanced-Molecular Detection","description":"As the nation's health protection agency, CDC is on the lookout 24/7 for health threats from new or drug-resistant microbes. In this Director's Briefing video, CDC Director Dr. Tom Frieden talks about how advanced-molecular detection (AMD) tools such as molecular sequencing and bioinformatics are revolutionizing CDC's approach towards investigating and controlling disease outbreaks. These next generation tools will help CDC find and stop killer microbes before they spread -- protecting Americans from a \"perfect storm\" of increasing disease threats -- but only if we move forward with these new technologies now. Learn more at http://www.cdc.gov/AMD/. \r\n\r\nComments on this video are allowed in accordance with our comment policy: http://www.cdc.gov/SocialMedia/Tools/CommentPolicy.html\r\n \r\nThis video can also be viewed at \r\nhttp://streaming.cdc.gov/vod.php?id=27aa7f01b739e45ce7aca2ea1ca571d320130410140245043","thumbnails":{"default":{"url":"https://i.ytimg.com/vi/q5-nRF5xJCo/default.jpg","width":120,"height":90},"medium":{"url":"https://i.ytimg.com/vi/q5-nRF5xJCo/mqdefault.jpg","width":320,"height":180},"high":{"url":"https://i.ytimg.com/vi/q5-nRF5xJCo/hqdefault.jpg","width":480,"height":360},"standard":{"url":"https://i.ytimg.com/vi/q5-nRF5xJCo/sddefault.jpg","width":640,"height":480},"maxres":{"url":"https://i.ytimg.com/vi/q5-nRF5xJCo/maxresdefault.jpg","width":1280,"height":720}},"channelTitle":"Centers for Disease Control and Prevention (CDC)","playlistId":"PLvrp9iOILTQb0_WAGpHGyMTzi2WZwAXaL","position":16,"resourceId":{"kind":"youtube#video","videoId":"q5-nRF5xJCo"}}},{"kind":"youtube#playlistItem","etag":"\"sGDdEsjSJ_SnACpEvVQ6MtTzkrI/VT4Ov1V8E7kst1meeK0ZnIKzIHQ\"","id":"PL8YPIjxrmIGpTof2vTU_Jyw8Va1qKMsLu5yvJHPx_Y_U","snippet":{"publishedAt":"2013-03-28T13:46:58.000Z","channelId":"UCiMg06DjcUk5FRiM3g5sqoQ","title":"Director's Briefing: Tips from Former Smokers Campaign 2013","description":"Smoking is the leading preventable cause of death in the U.S. In this Director's Briefing video, CDC Director Dr. Tom Frieden talks about the launch of the second phase of CDC's successful \"Tips from Former Smokers\" campaign, which shows real people, not actors, dealing with the terrible effects of smoking. Big tobacco continues to spend millions of dollars a day on cigarette advertising and promotion. CDC's campaign shows the reality: Smokers face illness, disability, disfigurement, and death as a result of their tobacco use. Quitting smoking is hard but worth it for those who smoke and the people around them (www.smokefree.gov).   \r\n \r\nComments on this video are allowed in accordance with our comment policy: http://www.cdc.gov/SocialMedia/Tools/CommentPolicy.html\r\n \r\nThis video can also be viewed at \r\nhttp://streaming.cdc.gov/vod.php?id=05ae25c4ba291c44faae49571409706920130326153026007","thumbnails":{"default":{"url":"https://i.ytimg.com/vi/iFfkA_VLK84/default.jpg","width":120,"height":90},"medium":{"url":"https://i.ytimg.com/vi/iFfkA_VLK84/mqdefault.jpg","width":320,"height":180},"high":{"url":"https://i.ytimg.com/vi/iFfkA_VLK84/hqdefault.jpg","width":480,"height":360},"standard":{"url":"https://i.ytimg.com/vi/iFfkA_VLK84/sddefault.jpg","width":640,"height":480},"maxres":{"url":"https://i.ytimg.com/vi/iFfkA_VLK84/maxresdefault.jpg","width":1280,"height":720}},"channelTitle":"Centers for Disease Control and Prevention (CDC)","playlistId":"PLvrp9iOILTQb0_WAGpHGyMTzi2WZwAXaL","position":17,"resourceId":{"kind":"youtube#video","videoId":"iFfkA_VLK84"}}},{"kind":"youtube#playlistItem","etag":"\"sGDdEsjSJ_SnACpEvVQ6MtTzkrI/6OlXoEsffEyH7LIvVP8bLpDKYN8\"","id":"PL8YPIjxrmIGpTof2vTU_Jy-WyxbrlKZJEyDpRcKefyPo","snippet":{"publishedAt":"2013-02-05T17:26:13.000Z","channelId":"UCiMg06DjcUk5FRiM3g5sqoQ","title":"Director's Briefing: Smoking among Adults with Mental Illness","description":"CDC Director Dr. Tom Frieden talks about how more people with mental illness smoke than people without mental illness. Specifically, more than 1 in 3 adults with mental illness smoke cigarettes compared with about 1 in 5 adults without mental Illness. About 3 of every 10 cigarettes smoked by adults are smoked by adults with mental illness. Nearly 1 in 5 adults -- 45.7 million people -- have some form of mental illness.\r\n\r\nComments on this video are allowed in accordance with our comment policy: http://www.cdc.gov/SocialMedia/Tools/CommentPolicy.html\r\n \r\nThis video can also be viewed at http://streaming.cdc.gov/vod.php?id=9c5ee85879a4af7410ed39f8962790f120130204142120464","thumbnails":{"default":{"url":"https://i.ytimg.com/vi/jht_LMI9DbI/default.jpg","width":120,"height":90},"medium":{"url":"https://i.ytimg.com/vi/jht_LMI9DbI/mqdefault.jpg","width":320,"height":180},"high":{"url":"https://i.ytimg.com/vi/jht_LMI9DbI/hqdefault.jpg","width":480,"height":360},"standard":{"url":"https://i.ytimg.com/vi/jht_LMI9DbI/sddefault.jpg","width":640,"height":480},"maxres":{"url":"https://i.ytimg.com/vi/jht_LMI9DbI/maxresdefault.jpg","width":1280,"height":720}},"channelTitle":"Centers for Disease Control and Prevention (CDC)","playlistId":"PLvrp9iOILTQb0_WAGpHGyMTzi2WZwAXaL","position":18,"resourceId":{"kind":"youtube#video","videoId":"jht_LMI9DbI"}}},{"kind":"youtube#playlistItem","etag":"\"sGDdEsjSJ_SnACpEvVQ6MtTzkrI/GxTz7a3xz_fDSIPOPmKBn2BkmI8\"","id":"PL8YPIjxrmIGpTof2vTU_JywkH3Df8mBE3Bhml0i2D3j4","snippet":{"publishedAt":"2013-01-17T16:38:35.000Z","channelId":"UCiMg06DjcUk5FRiM3g5sqoQ","title":"Global Measles Progress, 2000-2011","description":"CDC Director Dr. Tom Frieden talks about global measles progress between 2000-2011.  Estimated global measles-containing vaccine (MCV1) coverage increased from 72% in 2000 to 84% in 2011, and the number of countries providing a second dose of measles-containing vaccine (MCV2) through routine services increased from 97 (50%) in 2000 to 141 (73%) in 2011. During 2000--2011, annual reported measles incidence decreased 65%, from 146 to 52 cases per million population, and estimated measles deaths decreased 71%, from 542,000 to 158,000.  For more information on the article Dr. Tom Frieden is talking about, please visit www.cdc.gov/mmwr. \r\n\r\nComments on this video are allowed in accordance with our comment policy: http://www.cdc.gov/SocialMedia/Tools/CommentPolicy.html\r\n \r\nThis video can also be viewed at\r\nhttp://streaming.cdc.gov/vod.php?id=d62bf2b89e6b7094513b12e5720f924920130117102607250","thumbnails":{"default":{"url":"https://i.ytimg.com/vi/1k6dXV4HVaM/default.jpg","width":120,"height":90},"medium":{"url":"https://i.ytimg.com/vi/1k6dXV4HVaM/mqdefault.jpg","width":320,"height":180},"high":{"url":"https://i.ytimg.com/vi/1k6dXV4HVaM/hqdefault.jpg","width":480,"height":360},"standard":{"url":"https://i.ytimg.com/vi/1k6dXV4HVaM/sddefault.jpg","width":640,"height":480},"maxres":{"url":"https://i.ytimg.com/vi/1k6dXV4HVaM/maxresdefault.jpg","width":1280,"height":720}},"channelTitle":"Centers for Disease Control and Prevention (CDC)","playlistId":"PLvrp9iOILTQb0_WAGpHGyMTzi2WZwAXaL","position":19,"resourceId":{"kind":"youtube#video","videoId":"1k6dXV4HVaM"}}}]
2015-09-09 13:57:21.503 CDC General App[26685:1162716] THREAD WARNING: ['InAppBrowser'] took '81.071045' ms. Plugin should use a background thread.
2015-09-09 13:57:33.195 CDC General App[26685:1162716] Resetting plugins due to page load.
2015-09-09 13:57:33.196 CDC General App[26685:1162716] IAB.close() called but it was already closed.
2015-09-09 13:57:34.718 CDC General App[26685:1162716] Failed to load webpage with error: The operation couldn’t be completed. (NSURLErrorDomain error -999.)
2015-09-09 13:57:34.718 CDC General App[26685:1162716] Resetting plugins due to page load.
2015-09-09 13:57:34.719 CDC General App[26685:1162716] IAB.close() called but it was already closed.
2015-09-09 13:57:37.250 CDC General App[26685:1162716] Setting the WebView's frame to {{0, 0}, {375, 623}}
2015-09-09 13:57:37.252 CDC General App[26685:1162716] THREAD WARNING: ['InAppBrowser'] took '57.435059' ms. Plugin should use a background thread.
2015-09-09 13:57:39.452 CDC General App[26685:1162716] Failed to load webpage with error: The operation couldn’t be completed. (NSURLErrorDomain error -999.)
2015-09-09 13:57:40.539 CDC General App[26685:1162716] THREAD WARNING: ['InAppBrowser'] took '52.935059' ms. Plugin should use a background thread.
